<?xml version="1.0" encoding="UTF-8"?>
<!-- Generated by org.testng.reporters.JUnitXMLReporter -->
<testsuite hostname="LAPTOP-2B3VV4RM" ignored="5" name="Test" tests="7" failures="3" timestamp="08 Sep 2022 22:28:17 GMT" time="90.633" errors="0">
  <testcase name="@AfterMethod tearDown" time="0.031" classname="acti.tests.BaseTest">
    <failure type="org.openqa.selenium.UnhandledAlertException" message="unexpected alert open: {Alert text : Do you want to cancel the process of adding new customer and discard already entered data?}
  (Session info: chrome=105.0.5195.102): Do you want to cancel the process of adding new customer and discard already entered data?
Build info: version: &amp;apos;3.141.59&amp;apos;, revision: &amp;apos;e82be7d358&amp;apos;, time: &amp;apos;2018-11-14T08:17:03&amp;apos;
System info: host: &amp;apos;LAPTOP-2B3VV4RM&amp;apos;, ip: &amp;apos;192.168.1.238&amp;apos;, os.name: &amp;apos;Windows 10&amp;apos;, os.arch: &amp;apos;amd64&amp;apos;, os.version: &amp;apos;10.0&amp;apos;, java.version: &amp;apos;1.8.0_202&amp;apos;
Driver info: org.openqa.selenium.chrome.ChromeDriver
Capabilities {acceptInsecureCerts: false, browserName: chrome, browserVersion: 105.0.5195.102, chrome: {chromedriverVersion: 104.0.5112.79 (3cf3e8c8a07d..., userDataDir: C:\Users\shobh\AppData\Loca...}, goog:chromeOptions: {debuggerAddress: localhost:62802}, javascriptEnabled: true, networkConnectionEnabled: false, pageLoadStrategy: normal, platform: WINDOWS, platformName: WINDOWS, proxy: Proxy(), setWindowRect: true, strictFileInteractability: false, timeouts: {implicit: 0, pageLoad: 300000, script: 30000}, unhandledPromptBehavior: dismiss and notify, webauthn:extension:credBlob: true, webauthn:extension:largeBlob: true, webauthn:virtualAuthenticators: true}
Session ID: cac1b02e10b227d30eee84bf09bf4f63">
      <![CDATA[org.openqa.selenium.UnhandledAlertException: unexpected alert open: {Alert text : Do you want to cancel the process of adding new customer and discard already entered data?}
  (Session info: chrome=105.0.5195.102): Do you want to cancel the process of adding new customer and discard already entered data?
Build info: version: '3.141.59', revision: 'e82be7d358', time: '2018-11-14T08:17:03'
System info: host: 'LAPTOP-2B3VV4RM', ip: '192.168.1.238', os.name: 'Windows 10', os.arch: 'amd64', os.version: '10.0', java.version: '1.8.0_202'
Driver info: org.openqa.selenium.chrome.ChromeDriver
Capabilities {acceptInsecureCerts: false, browserName: chrome, browserVersion: 105.0.5195.102, chrome: {chromedriverVersion: 104.0.5112.79 (3cf3e8c8a07d..., userDataDir: C:\Users\shobh\AppData\Loca...}, goog:chromeOptions: {debuggerAddress: localhost:62802}, javascriptEnabled: true, networkConnectionEnabled: false, pageLoadStrategy: normal, platform: WINDOWS, platformName: WINDOWS, proxy: Proxy(), setWindowRect: true, strictFileInteractability: false, timeouts: {implicit: 0, pageLoad: 300000, script: 30000}, unhandledPromptBehavior: dismiss and notify, webauthn:extension:credBlob: true, webauthn:extension:largeBlob: true, webauthn:virtualAuthenticators: true}
Session ID: cac1b02e10b227d30eee84bf09bf4f63
at org.openqa.selenium.remote.http.W3CHttpResponseCodec.decode(W3CHttpResponseCodec.java:120)
at org.openqa.selenium.remote.http.W3CHttpResponseCodec.decode(W3CHttpResponseCodec.java:49)
at org.openqa.selenium.remote.HttpCommandExecutor.execute(HttpCommandExecutor.java:158)
at org.openqa.selenium.remote.service.DriverCommandExecutor.execute(DriverCommandExecutor.java:83)
at org.openqa.selenium.remote.RemoteWebDriver.execute(RemoteWebDriver.java:552)
at org.openqa.selenium.remote.RemoteWebDriver.execute(RemoteWebDriver.java:609)
at org.openqa.selenium.remote.RemoteWebDriver.getScreenshotAs(RemoteWebDriver.java:295)
at acti.utils.Helper.captuescreen(Helper.java:33)
at acti.tests.BaseTest.tearDown(BaseTest.java:55)
... Removed 28 stack frames]]>
    </failure>
  </testcase> <!-- @AfterMethod tearDown -->
  <testcase name="@BeforeMethod setUp" time="0.0" classname="acti.tests.BaseTest">
    <skipped/>
  </testcase> <!-- @BeforeMethod setUp -->
  <testcase name="@AfterMethod tearDown" time="0.0" classname="acti.tests.BaseTest">
    <skipped/>
  </testcase> <!-- @AfterMethod tearDown -->
  <testcase name="testCreateCustomer" time="11.937" classname="acti.tests.TaskPageTests">
    <failure type="org.openqa.selenium.NoSuchElementException" message="Cannot locate an element using xpath=//span[@class=&amp;apos;innerHtml&amp;apos;]
For documentation on this error, please visit: https://www.seleniumhq.org/exceptions/no_such_element.html
Build info: version: &amp;apos;3.141.59&amp;apos;, revision: &amp;apos;e82be7d358&amp;apos;, time: &amp;apos;2018-11-14T08:17:03&amp;apos;
System info: host: &amp;apos;LAPTOP-2B3VV4RM&amp;apos;, ip: &amp;apos;192.168.1.238&amp;apos;, os.name: &amp;apos;Windows 10&amp;apos;, os.arch: &amp;apos;amd64&amp;apos;, os.version: &amp;apos;10.0&amp;apos;, java.version: &amp;apos;1.8.0_202&amp;apos;
Driver info: driver.version: RemoteWebDriver">
      <![CDATA[org.openqa.selenium.NoSuchElementException: Cannot locate an element using xpath=//span[@class='innerHtml']
For documentation on this error, please visit: https://www.seleniumhq.org/exceptions/no_such_element.html
Build info: version: '3.141.59', revision: 'e82be7d358', time: '2018-11-14T08:17:03'
System info: host: 'LAPTOP-2B3VV4RM', ip: '192.168.1.238', os.name: 'Windows 10', os.arch: 'amd64', os.version: '10.0', java.version: '1.8.0_202'
Driver info: driver.version: RemoteWebDriver
at org.openqa.selenium.remote.RemoteWebDriver.findElement(RemoteWebDriver.java:327)
at org.openqa.selenium.remote.RemoteWebDriver.findElementByXPath(RemoteWebDriver.java:428)
at org.openqa.selenium.By$ByXPath.findElement(By.java:353)
at org.openqa.selenium.remote.RemoteWebDriver.findElement(RemoteWebDriver.java:315)
at org.openqa.selenium.support.pagefactory.DefaultElementLocator.findElement(DefaultElementLocator.java:69)
at org.openqa.selenium.support.pagefactory.internal.LocatingElementHandler.invoke(LocatingElementHandler.java:38)
at com.sun.proxy.$Proxy11.getText(Unknown Source)
at acti.pages.TaskPage.getSuccessMessage(TaskPage.java:103)
at acti.tests.TaskPageTests.testCreateCustomer(TaskPageTests.java:34)
... Removed 25 stack frames]]>
    </failure>
  </testcase> <!-- testCreateCustomer -->
  <testcase name="testLoginPageTitle" time="0.012" classname="acti.tests.LoginPageTests"/>
  <testcase name="testDeleteCustomer" time="0.0" classname="acti.tests.TaskPageTests">
    <skipped/>
  </testcase> <!-- testDeleteCustomer -->
  <testcase name="testLoginFunction" time="1.4" classname="acti.tests.LoginTestScreen">
    <failure type="java.lang.AssertionError" message="expected [John Doe] but found [John]">
      <![CDATA[java.lang.AssertionError: expected [John Doe] but found [John]
at acti.tests.LoginTestScreen.testLoginFunction(LoginTestScreen.java:23)
... Removed 31 stack frames]]>
    </failure>
  </testcase> <!-- testLoginFunction -->
  <testcase name="testLoginFunction" time="1.584" classname="acti.tests.LoginTestScreen">
    <failure type="java.lang.AssertionError" message="expected [John Doe] but found [John]">
      <![CDATA[java.lang.AssertionError: expected [John Doe] but found [John]
at acti.tests.LoginTestScreen.testLoginFunction(LoginTestScreen.java:23)
... Removed 31 stack frames]]>
    </failure>
  </testcase> <!-- testLoginFunction -->
  <testcase name="testLoginFunction" time="4.083" classname="acti.tests.LoginPageTests"/>
  <testcase name="testLoginFunction" time="3.912" classname="acti.tests.LoginPageTests"/>
  <testcase name="@BeforeSuite setupReport" time="0.0" classname="acti.tests.BaseTest">
    <ignored/>
  </testcase> <!-- @BeforeSuite setupReport -->
  <testcase name="@BeforeSuite setupReport" time="0.0" classname="acti.tests.BaseTest">
    <ignored/>
  </testcase> <!-- @BeforeSuite setupReport -->
  <testcase name="@BeforeSuite setupReport" time="0.0" classname="acti.tests.BaseTest">
    <ignored/>
  </testcase> <!-- @BeforeSuite setupReport -->
  <testcase name="testForgotPasswordLink" time="0.0" classname="acti.tests.LoginPageTests">
    <ignored/>
  </testcase> <!-- testForgotPasswordLink -->
  <testcase name="testActiLogoIsDisplayed" time="0.0" classname="acti.tests.LoginPageTests">
    <ignored/>
  </testcase> <!-- testActiLogoIsDisplayed -->
</testsuite> <!-- Test -->
